<?xml version="1.0" encoding="UTF-8"?>
<testng-results ignored="0" total="1" passed="1" failed="0" skipped="0">
  <reporter-output>
  </reporter-output>
  <suite started-at="2023-08-01T16:37:37 IST" name="Default suite" finished-at="2023-08-01T16:39:15 IST" duration-ms="98169">
    <groups>
    </groups>
    <test started-at="2023-08-01T16:37:37 IST" name="Default test" finished-at="2023-08-01T16:39:15 IST" duration-ms="98169">
      <class name="compassion.Forget_Username_Password">
        <test-method is-config="true" signature="setup()[pri:0, instance:compassion.Forget_Username_Password@3fb1549b]" started-at="2023-08-01T16:37:37 IST" name="setup" finished-at="2023-08-01T16:37:56 IST" duration-ms="19309" status="PASS">
          <reporter-output>
          </reporter-output>
        </test-method> <!-- setup -->
        <test-method signature="Forget_username_password()[pri:0, instance:compassion.Forget_Username_Password@3fb1549b]" started-at="2023-08-01T16:37:56 IST" name="Forget_username_password" finished-at="2023-08-01T16:39:11 IST" duration-ms="74500" status="PASS">
          <reporter-output>
          </reporter-output>
        </test-method> <!-- Forget_username_password -->
        <test-method is-config="true" signature="tearDown()[pri:0, instance:compassion.Forget_Username_Password@3fb1549b]" started-at="2023-08-01T16:39:11 IST" name="tearDown" finished-at="2023-08-01T16:39:15 IST" duration-ms="4169" status="PASS">
          <reporter-output>
          </reporter-output>
        </test-method> <!-- tearDown -->
      </class> <!-- compassion.Forget_Username_Password -->
    </test> <!-- Default test -->
  </suite> <!-- Default suite -->
</testng-results>
